<?xml version="1.0" encoding="UTF-8"?>
<!-- Generated by org.testng.reporters.JUnitXMLReporter -->
<testsuite ignored="0" hostname="LAPTOP-1I0UICJP" failures="0" tests="5" name="Test123" time="0.399" errors="0" timestamp="2022-01-17T08:57:01 PST">
  <testcase classname="com.orangeHRM.TestCases.BaseClass" name="@BeforeClass setUpBrowser" time="0.067">
    <failure type="java.lang.IllegalStateException" message="The driver executable must exist: C:\Users\vedas\eclipse-workspace\OrangeHRM_Framework">
      <![CDATA[java.lang.IllegalStateException: The driver executable must exist: C:\Users\vedas\eclipse-workspace\OrangeHRM_Framework
at org.openqa.selenium.internal.Require$FileStateChecker.isFile(Require.java:315)
at org.openqa.selenium.remote.service.DriverService.checkExecutable(DriverService.java:147)
at org.openqa.selenium.remote.service.DriverService.findExecutable(DriverService.java:142)
at org.openqa.selenium.ie.InternetExplorerDriverService.access$000(InternetExplorerDriverService.java:38)
at org.openqa.selenium.ie.InternetExplorerDriverService$Builder.findDefaultExecutable(InternetExplorerDriverService.java:170)
at org.openqa.selenium.remote.service.DriverService$Builder.build(DriverService.java:437)
at org.openqa.selenium.ie.InternetExplorerDriver.setupService(InternetExplorerDriver.java:245)
at org.openqa.selenium.ie.InternetExplorerDriver.<init>(InternetExplorerDriver.java:176)
at org.openqa.selenium.ie.InternetExplorerDriver.<init>(InternetExplorerDriver.java:142)
at com.orangeHRM.TestCases.BaseClass.setUpBrowser(BaseClass.java:42)
at java.base/java.util.ArrayList.forEach(ArrayList.java:1511)
... Removed 25 stack frames]]>
    </failure>
  </testcase> <!-- @BeforeClass setUpBrowser -->
  <testcase classname="com.orangeHRM.TestCases.BaseClass" name="@AfterClass tearDown" time="-1.642438621571E9">
    <skipped/>
  </testcase> <!-- @AfterClass tearDown -->
  <testcase classname="com.orangeHRM.TestCases.TC_Login_001" name="login" time="0.0">
    <skipped/>
  </testcase> <!-- login -->
  <testcase classname="com.orangeHRM.TestCases.TC_Login_001" name="login" time="0.0">
    <skipped/>
  </testcase> <!-- login -->
  <testcase classname="com.orangeHRM.TestCases.TC_Login_001" name="login" time="0.0">
    <skipped/>
  </testcase> <!-- login -->
  <testcase classname="com.orangeHRM.TestCases.TC_Login_001" name="login" time="0.0">
    <skipped/>
  </testcase> <!-- login -->
  <testcase classname="com.orangeHRM.TestCases.TC_Login_001" name="login" time="0.0">
    <skipped/>
  </testcase> <!-- login -->
</testsuite> <!-- Test123 -->
