<?xml version="1.0" encoding="UTF-8"?>
<!-- Generated by org.testng.reporters.JUnitXMLReporter -->
<testsuite ignored="0" hostname="LAPTOP-1I0UICJP" failures="4" tests="5" name="Test" time="16.18" errors="0" timestamp="2022-01-30T18:51:53 PST">
  <testcase classname="com.orangeHRM.TestCases.TC_Login_001" name="login" time="1.276">
    <failure type="java.lang.AssertionError" message="expected [true] but found [false]">
      <![CDATA[java.lang.AssertionError: expected [true] but found [false]
at com.orangeHRM.TestCases.TC_Login_001.login(TC_Login_001.java:47)
at java.base/java.util.ArrayList.forEach(ArrayList.java:1511)
... Removed 31 stack frames]]>
    </failure>
  </testcase> <!-- login -->
  <testcase classname="com.orangeHRM.TestCases.TC_Login_001" name="login" time="1.1">
    <failure type="java.lang.AssertionError" message="expected [true] but found [false]">
      <![CDATA[java.lang.AssertionError: expected [true] but found [false]
at com.orangeHRM.TestCases.TC_Login_001.login(TC_Login_001.java:47)
at java.base/java.util.ArrayList.forEach(ArrayList.java:1511)
... Removed 31 stack frames]]>
    </failure>
  </testcase> <!-- login -->
  <testcase classname="com.orangeHRM.TestCases.TC_Login_001" name="login" time="1.14">
    <failure type="java.lang.AssertionError" message="expected [true] but found [false]">
      <![CDATA[java.lang.AssertionError: expected [true] but found [false]
at com.orangeHRM.TestCases.TC_Login_001.login(TC_Login_001.java:47)
at java.base/java.util.ArrayList.forEach(ArrayList.java:1511)
... Removed 31 stack frames]]>
    </failure>
  </testcase> <!-- login -->
  <testcase classname="com.orangeHRM.TestCases.TC_Login_001" name="login" time="1.111">
    <failure type="java.lang.AssertionError" message="expected [true] but found [false]">
      <![CDATA[java.lang.AssertionError: expected [true] but found [false]
at com.orangeHRM.TestCases.TC_Login_001.login(TC_Login_001.java:47)
at java.base/java.util.ArrayList.forEach(ArrayList.java:1511)
... Removed 31 stack frames]]>
    </failure>
  </testcase> <!-- login -->
  <testcase classname="com.orangeHRM.TestCases.TC_Login_001" name="login" time="2.025"/>
</testsuite> <!-- Test -->
